mode: set
bookmarket/config/database.go:11.25,16.16 3 0
bookmarket/config/database.go:20.2,20.11 1 0
bookmarket/config/database.go:16.16,18.3 1 0
bookmarket/config/database.go:23.29,27.16 3 1
bookmarket/config/database.go:31.2,31.11 1 1
bookmarket/config/database.go:27.16,29.3 1 0
bookmarket/lib/generate_token.go:17.64,35.16 5 1
bookmarket/lib/generate_token.go:40.2,40.20 1 1
bookmarket/lib/generate_token.go:35.16,37.3 1 0
bookmarket/lib/validation_error.go:7.42,12.53 2 1
bookmarket/lib/validation_error.go:17.2,17.15 1 1
bookmarket/lib/validation_error.go:12.53,15.3 1 1
bookmarket/middlewares/log.go:8.34,13.2 1 1
bookmarket/lib/formatter.go:37.50,38.19 1 1
bookmarket/lib/formatter.go:42.2,50.18 2 1
bookmarket/lib/formatter.go:38.19,40.3 1 0
bookmarket/lib/formatter.go:53.56,55.21 1 1
bookmarket/lib/formatter.go:60.2,61.29 2 1
bookmarket/lib/formatter.go:66.2,66.22 1 1
bookmarket/lib/formatter.go:55.21,57.3 1 1
bookmarket/lib/formatter.go:61.29,64.3 2 1
bookmarket/lib/handle_internal_server_error.go:9.65,21.2 3 0
bookmarket/lib/jwt.go:12.56,18.26 3 1
bookmarket/lib/jwt.go:24.2,24.84 1 1
bookmarket/lib/jwt.go:34.2,34.16 1 1
bookmarket/lib/jwt.go:39.2,41.25 2 1
bookmarket/lib/jwt.go:46.2,48.20 2 1
bookmarket/lib/jwt.go:18.26,21.3 1 1
bookmarket/lib/jwt.go:24.84,27.10 2 1
bookmarket/lib/jwt.go:31.3,31.46 1 1
bookmarket/lib/jwt.go:27.10,29.4 1 0
bookmarket/lib/jwt.go:34.16,36.3 1 0
bookmarket/lib/jwt.go:41.25,43.3 1 0
bookmarket/lib/response_with_data.go:10.102,19.2 2 1
bookmarket/controllers/bookController.go:16.42,18.2 1 1
bookmarket/controllers/bookController.go:24.13,34.2 2 1
bookmarket/controllers/bookController.go:36.57,38.20 1 1
bookmarket/controllers/bookController.go:51.2,58.42 2 1
bookmarket/controllers/bookController.go:38.20,48.3 2 0
bookmarket/controllers/bookController.go:61.59,65.33 2 1
bookmarket/controllers/bookController.go:79.2,87.50 3 1
bookmarket/controllers/bookController.go:65.33,66.24 1 1
bookmarket/controllers/bookController.go:66.24,75.4 2 1
bookmarket/controllers/bookController.go:90.57,96.16 3 1
bookmarket/controllers/bookController.go:111.2,112.16 2 1
bookmarket/controllers/bookController.go:122.2,143.47 10 1
bookmarket/controllers/bookController.go:96.16,108.3 3 0
bookmarket/controllers/bookController.go:112.16,120.3 2 1
bookmarket/controllers/bookController.go:146.57,152.16 3 1
bookmarket/controllers/bookController.go:167.2,168.16 2 1
bookmarket/controllers/bookController.go:179.2,183.33 3 1
bookmarket/controllers/bookController.go:208.2,216.50 3 1
bookmarket/controllers/bookController.go:152.16,164.3 3 0
bookmarket/controllers/bookController.go:168.16,176.3 2 1
bookmarket/controllers/bookController.go:183.33,184.24 1 1
bookmarket/controllers/bookController.go:184.24,204.4 9 1
bookmarket/controllers/bookController.go:219.57,223.33 2 1
bookmarket/controllers/bookController.go:240.2,248.50 3 1
bookmarket/controllers/bookController.go:223.33,224.24 1 1
bookmarket/controllers/bookController.go:224.24,236.4 3 1
bookmarket/controllers/userController.go:20.53,22.2 1 1
bookmarket/controllers/userController.go:24.57,29.16 3 1
bookmarket/controllers/userController.go:34.2,44.42 3 1
bookmarket/controllers/userController.go:29.16,31.3 1 0
bookmarket/controllers/userController.go:47.59,55.16 4 1
bookmarket/controllers/userController.go:60.2,60.19 1 1
bookmarket/controllers/userController.go:74.2,84.42 3 1
bookmarket/controllers/userController.go:55.16,57.3 1 0
bookmarket/controllers/userController.go:60.19,71.3 3 1
bookmarket/controllers/userController.go:87.57,93.16 3 1
bookmarket/controllers/userController.go:107.2,108.16 2 1
bookmarket/controllers/userController.go:119.2,121.16 3 1
bookmarket/controllers/userController.go:126.2,126.19 1 1
bookmarket/controllers/userController.go:140.2,146.16 6 1
bookmarket/controllers/userController.go:159.2,163.16 3 1
bookmarket/controllers/userController.go:177.2,184.47 2 1
bookmarket/controllers/userController.go:93.16,104.3 3 0
bookmarket/controllers/userController.go:108.16,116.3 2 1
bookmarket/controllers/userController.go:121.16,123.3 1 0
bookmarket/controllers/userController.go:126.19,137.3 3 1
bookmarket/controllers/userController.go:146.16,157.3 3 0
bookmarket/controllers/userController.go:163.16,174.3 3 0
bookmarket/controllers/userController.go:187.57,192.16 3 1
bookmarket/controllers/userController.go:206.2,209.25 2 1
bookmarket/controllers/userController.go:222.2,226.16 3 1
bookmarket/controllers/userController.go:240.2,241.16 2 1
bookmarket/controllers/userController.go:251.2,254.16 3 1
bookmarket/controllers/userController.go:259.2,259.19 1 1
bookmarket/controllers/userController.go:273.2,275.26 2 1
bookmarket/controllers/userController.go:294.2,298.16 3 1
bookmarket/controllers/userController.go:312.2,322.42 3 1
bookmarket/controllers/userController.go:192.16,203.3 3 0
bookmarket/controllers/userController.go:209.25,220.3 3 1
bookmarket/controllers/userController.go:226.16,237.3 3 0
bookmarket/controllers/userController.go:241.16,249.3 2 1
bookmarket/controllers/userController.go:254.16,256.3 1 0
bookmarket/controllers/userController.go:259.19,270.3 3 0
bookmarket/controllers/userController.go:275.26,278.17 2 1
bookmarket/controllers/userController.go:291.3,291.39 1 1
bookmarket/controllers/userController.go:278.17,289.4 3 0
bookmarket/controllers/userController.go:298.16,309.3 3 0
bookmarket/controllers/userController.go:325.57,331.16 3 1
bookmarket/controllers/userController.go:345.2,348.25 2 1
bookmarket/controllers/userController.go:361.2,364.16 3 1
bookmarket/controllers/userController.go:369.2,369.19 1 1
bookmarket/controllers/userController.go:383.2,384.16 2 1
bookmarket/controllers/userController.go:398.2,405.42 2 1
bookmarket/controllers/userController.go:331.16,342.3 3 0
bookmarket/controllers/userController.go:348.25,359.3 3 1
bookmarket/controllers/userController.go:364.16,366.3 1 0
bookmarket/controllers/userController.go:369.19,380.3 3 0
bookmarket/controllers/userController.go:384.16,395.3 3 0
bookmarket/controllers/userController.go:408.56,412.16 3 1
bookmarket/controllers/userController.go:426.2,427.16 2 1
bookmarket/controllers/userController.go:438.2,440.16 3 1
bookmarket/controllers/userController.go:445.2,445.19 1 1
bookmarket/controllers/userController.go:458.2,459.16 2 1
bookmarket/controllers/userController.go:464.2,475.42 4 1
bookmarket/controllers/userController.go:412.16,423.3 3 0
bookmarket/controllers/userController.go:427.16,435.3 2 1
bookmarket/controllers/userController.go:440.16,442.3 1 0
bookmarket/controllers/userController.go:445.19,455.3 2 1
bookmarket/controllers/userController.go:459.16,461.3 1 0
bookmarket/routes/route.go:20.58,21.47 1 1
bookmarket/routes/route.go:27.2,27.12 1 1
bookmarket/routes/route.go:21.47,26.3 2 1
bookmarket/routes/route.go:30.42,56.38 8 1
bookmarket/routes/route.go:66.2,83.38 7 1
bookmarket/routes/route.go:92.2,105.15 7 1
bookmarket/routes/route.go:56.38,58.35 1 1
bookmarket/routes/route.go:61.4,61.16 1 1
bookmarket/routes/route.go:58.35,60.5 1 1
bookmarket/routes/route.go:83.38,85.36 1 1
bookmarket/routes/route.go:88.4,88.16 1 1
bookmarket/routes/route.go:85.36,87.5 1 1
bookmarket/main.go:11.13,23.2 5 0
